{
  "RSpec": {
    "coverage": {
      "/Users/kleahey/Git/learnjira/app/helpers/application_helper.rb": [
        1,
        1,
        null,
        null,
        null,
        null,
        null,
        0,
        null,
        null
      ],
      "/Users/kleahey/Git/learnjira/app/helpers/posts_helper.rb": [
        1,
        null
      ],
      "/Users/kleahey/Git/learnjira/app/controllers/posts_controller.rb": [
        1,
        1,
        null,
        1,
        9,
        null,
        null,
        1,
        2,
        null,
        null,
        1,
        2,
        2,
        1,
        1,
        null,
        1,
        1,
        null,
        null,
        null,
        1,
        null,
        null,
        1,
        null,
        null,
        1,
        3,
        2,
        2,
        null,
        1,
        1,
        null,
        null,
        null,
        1,
        1,
        1,
        1,
        null,
        null,
        1,
        null,
        1,
        5,
        null,
        null,
        1,
        16,
        null,
        null,
        null
      ],
      "/Users/kleahey/Git/learnjira/app/controllers/application_controller.rb": [
        1,
        1,
        null
      ],
      "/Users/kleahey/Git/learnjira/app/models/post.rb": [
        1,
        1,
        null
      ],
      "/Users/kleahey/Git/learnjira/app/models/application_record.rb": [
        1,
        1,
        null
      ],
      "/Users/kleahey/Git/learnjira/app/channels/application_cable/channel.rb": [
        0,
        0,
        0,
        0
      ],
      "/Users/kleahey/Git/learnjira/app/channels/application_cable/connection.rb": [
        0,
        0,
        0,
        0
      ],
      "/Users/kleahey/Git/learnjira/app/jobs/application_job.rb": [
        0,
        0
      ],
      "/Users/kleahey/Git/learnjira/app/mailers/application_mailer.rb": [
        0,
        0,
        0,
        0
      ]
    },
    "timestamp": 1508081277
  }
}
