{
  "RSpec": {
    "coverage": {
      "/Users/kleahey/Git/learnjira/app/helpers/application_helper.rb": [
        1,
        1,
        null,
        null,
        null,
        null,
        null,
        5,
        null,
        null
      ],
      "/Users/kleahey/Git/learnjira/app/helpers/posts_helper.rb": [
        1,
        null
      ],
      "/Users/kleahey/Git/learnjira/app/controllers/posts_controller.rb": [
        1,
        1,
        null,
        1,
        7,
        null,
        null,
        1,
        2,
        null,
        null,
        1,
        2,
        2,
        1,
        1,
        null,
        1,
        1,
        null,
        null,
        null,
        1,
        null,
        null,
        1,
        null,
        null,
        1,
        3,
        2,
        2,
        null,
        1,
        1,
        null,
        null,
        null,
        1,
        null,
        1,
        5,
        null,
        null,
        1,
        13,
        null,
        null,
        null
      ],
      "/Users/kleahey/Git/learnjira/app/controllers/application_controller.rb": [
        1,
        1,
        null
      ],
      "/Users/kleahey/Git/learnjira/app/models/post.rb": [
        1,
        1,
        null
      ],
      "/Users/kleahey/Git/learnjira/app/models/application_record.rb": [
        1,
        1,
        null
      ]
    },
    "timestamp": 1507840041
  }
}
